

Started GET "/assets/rails.png" for 127.0.0.1 at 2012-12-08 19:05:04 +0530
Connecting to database specified by database.yml
Served asset /rails.png - 200 OK (20ms)


Started GET "/rails/info/properties" for 127.0.0.1 at 2012-12-08 19:05:11 +0530
Processing by Rails::InfoController#properties as HTML
  Rendered inline template (45.2ms)
Completed 200 OK in 59ms (Views: 58.0ms | ActiveRecord: 0.0ms)


Started GET "/" for 127.0.0.1 at 2012-12-08 19:07:07 +0530

ActionController::RoutingError (No route matches [GET] "/"):
  actionpack (3.2.8) lib/action_dispatch/middleware/debug_exceptions.rb:21:in `call'
  actionpack (3.2.8) lib/action_dispatch/middleware/show_exceptions.rb:56:in `call'
  railties (3.2.8) lib/rails/rack/logger.rb:26:in `call_app'
  railties (3.2.8) lib/rails/rack/logger.rb:16:in `call'
  actionpack (3.2.8) lib/action_dispatch/middleware/request_id.rb:22:in `call'
  rack (1.4.1) lib/rack/methodoverride.rb:21:in `call'
  rack (1.4.1) lib/rack/runtime.rb:17:in `call'
  activesupport (3.2.8) lib/active_support/cache/strategy/local_cache.rb:72:in `call'
  rack (1.4.1) lib/rack/lock.rb:15:in `call'
  actionpack (3.2.8) lib/action_dispatch/middleware/static.rb:62:in `call'
  railties (3.2.8) lib/rails/engine.rb:479:in `call'
  railties (3.2.8) lib/rails/application.rb:223:in `call'
  rack (1.4.1) lib/rack/content_length.rb:14:in `call'
  railties (3.2.8) lib/rails/rack/log_tailer.rb:17:in `call'
  rack (1.4.1) lib/rack/handler/webrick.rb:59:in `service'
  /home/vijay/.rvm/rubies/ruby-1.9.3-rc1/lib/ruby/1.9.1/webrick/httpserver.rb:138:in `service'
  /home/vijay/.rvm/rubies/ruby-1.9.3-rc1/lib/ruby/1.9.1/webrick/httpserver.rb:94:in `run'
  /home/vijay/.rvm/rubies/ruby-1.9.3-rc1/lib/ruby/1.9.1/webrick/server.rb:191:in `block in start_thread'


  Rendered /home/vijay/.rvm/gems/ruby-1.9.3-rc1/gems/actionpack-3.2.8/lib/action_dispatch/middleware/templates/rescues/routing_error.erb within rescues/layout (1.9ms)
Connecting to database specified by database.yml


Started GET "/" for 127.0.0.1 at 2012-12-08 19:12:50 +0530
Connecting to database specified by database.yml
Processing by ProductsController#index as HTML
Mysql2::Error: Table 'product_demo_development.products' doesn't exist: SHOW FULL FIELDS FROM `products`
Completed 500 Internal Server Error in 97ms

ActiveRecord::StatementInvalid (Mysql2::Error: Table 'product_demo_development.products' doesn't exist: SHOW FULL FIELDS FROM `products`):
  app/controllers/products_controller.rb:5:in `index'


  Rendered /home/vijay/.rvm/gems/ruby-1.9.3-rc1/gems/actionpack-3.2.8/lib/action_dispatch/middleware/templates/rescues/_trace.erb (2.6ms)
  Rendered /home/vijay/.rvm/gems/ruby-1.9.3-rc1/gems/actionpack-3.2.8/lib/action_dispatch/middleware/templates/rescues/_request_and_response.erb (3.3ms)
  Rendered /home/vijay/.rvm/gems/ruby-1.9.3-rc1/gems/actionpack-3.2.8/lib/action_dispatch/middleware/templates/rescues/diagnostics.erb within rescues/layout (19.4ms)
Connecting to database specified by database.yml
  [1m[36m (484.8ms)[0m  [1mCREATE TABLE `schema_migrations` (`version` varchar(255) NOT NULL) ENGINE=InnoDB[0m
  [1m[35m (123.7ms)[0m  CREATE UNIQUE INDEX `unique_schema_migrations` ON `schema_migrations` (`version`)
  [1m[36m (10.5ms)[0m  [1mSELECT `schema_migrations`.`version` FROM `schema_migrations` [0m
Migrating to CreateProducts (20121208134101)
  [1m[35m (11.3ms)[0m  CREATE TABLE `products` (`id` int(11) DEFAULT NULL auto_increment PRIMARY KEY, `name` varchar(255), `title` varchar(255), `price` int(11), `created_at` datetime NOT NULL, `updated_at` datetime NOT NULL) ENGINE=InnoDB
  [1m[36m (2.7ms)[0m  [1mINSERT INTO `schema_migrations` (`version`) VALUES ('20121208134101')[0m
  [1m[35m (0.3ms)[0m  SELECT `schema_migrations`.`version` FROM `schema_migrations` 


Started GET "/" for 127.0.0.1 at 2012-12-08 19:13:18 +0530
Processing by ProductsController#index as HTML
  [1m[36mProduct Load (10.7ms)[0m  [1mSELECT `products`.* FROM `products` [0m
  Rendered products/index.html.erb within layouts/application (2.6ms)
Compiled products.css  (78ms)  (pid 5236)
Compiled scaffolds.css  (47ms)  (pid 5236)
Compiled application.css  (150ms)  (pid 5236)
Compiled jquery.js  (60ms)  (pid 5236)
Compiled jquery_ujs.js  (0ms)  (pid 5236)
Compiled products.js  (154ms)  (pid 5236)
Compiled application.js  (302ms)  (pid 5236)
Completed 200 OK in 663ms (Views: 631.8ms | ActiveRecord: 12.0ms)


Started GET "/assets/application.css?body=1" for 127.0.0.1 at 2012-12-08 19:13:19 +0530
Served asset /application.css - 200 OK (24ms)


Started GET "/assets/jquery.js?body=1" for 127.0.0.1 at 2012-12-08 19:13:19 +0530
Served asset /jquery.js - 200 OK (12ms)


Started GET "/assets/products.css?body=1" for 127.0.0.1 at 2012-12-08 19:13:19 +0530
Served asset /products.css - 200 OK (3ms)


Started GET "/assets/scaffolds.css?body=1" for 127.0.0.1 at 2012-12-08 19:13:19 +0530
Served asset /scaffolds.css - 200 OK (6ms)


Started GET "/assets/application.js?body=1" for 127.0.0.1 at 2012-12-08 19:13:19 +0530
Served asset /application.js - 200 OK (10ms)


Started GET "/assets/jquery_ujs.js?body=1" for 127.0.0.1 at 2012-12-08 19:13:19 +0530
Served asset /jquery_ujs.js - 200 OK (17ms)


Started GET "/assets/products.js?body=1" for 127.0.0.1 at 2012-12-08 19:13:19 +0530
Served asset /products.js - 200 OK (87ms)


Started GET "/products/new" for 127.0.0.1 at 2012-12-08 19:13:24 +0530
Processing by ProductsController#new as HTML
  Rendered products/_form.html.erb (199.0ms)
  Rendered products/new.html.erb within layouts/application (228.9ms)
Completed 200 OK in 269ms (Views: 246.0ms | ActiveRecord: 0.0ms)


Started GET "/assets/application.css?body=1" for 127.0.0.1 at 2012-12-08 19:13:24 +0530
Served asset /application.css - 304 Not Modified (0ms)


Started GET "/assets/products.css?body=1" for 127.0.0.1 at 2012-12-08 19:13:24 +0530
Served asset /products.css - 304 Not Modified (0ms)


Started GET "/assets/jquery.js?body=1" for 127.0.0.1 at 2012-12-08 19:13:24 +0530
Served asset /jquery.js - 304 Not Modified (0ms)


Started GET "/assets/jquery_ujs.js?body=1" for 127.0.0.1 at 2012-12-08 19:13:24 +0530
Served asset /jquery_ujs.js - 304 Not Modified (0ms)


Started GET "/assets/scaffolds.css?body=1" for 127.0.0.1 at 2012-12-08 19:13:24 +0530
Served asset /scaffolds.css - 304 Not Modified (0ms)


Started GET "/assets/products.js?body=1" for 127.0.0.1 at 2012-12-08 19:13:24 +0530
Served asset /products.js - 304 Not Modified (0ms)


Started GET "/assets/application.js?body=1" for 127.0.0.1 at 2012-12-08 19:13:24 +0530
Served asset /application.js - 304 Not Modified (3ms)


Started POST "/products" for 127.0.0.1 at 2012-12-08 19:13:57 +0530
Processing by ProductsController#create as HTML
  Parameters: {"utf8"=>"✓", "authenticity_token"=>"vz0P8/DLSMu8WaHf3C8a6rrNhb4+QrBRcQVgrbEYrmU=", "product"=>{"name"=>"apple", "title"=>"some apple name", "price"=>"66$"}, "commit"=>"Create Product"}
  [1m[35m (0.1ms)[0m  BEGIN
  [1m[36mSQL (12.9ms)[0m  [1mINSERT INTO `products` (`created_at`, `name`, `price`, `title`, `updated_at`) VALUES ('2012-12-08 13:43:57', 'apple', 66, 'some apple name', '2012-12-08 13:43:57')[0m
  [1m[35m (1.4ms)[0m  COMMIT
Redirected to http://localhost:3000/products/1
Completed 302 Found in 79ms (ActiveRecord: 14.5ms)


Started GET "/products/1" for 127.0.0.1 at 2012-12-08 19:13:58 +0530
Processing by ProductsController#show as HTML
  Parameters: {"id"=>"1"}
  [1m[36mProduct Load (81.6ms)[0m  [1mSELECT `products`.* FROM `products` WHERE `products`.`id` = 1 LIMIT 1[0m
  Rendered products/show.html.erb within layouts/application (4.8ms)
Completed 200 OK in 110ms (Views: 21.3ms | ActiveRecord: 81.6ms)


Started GET "/assets/application.css?body=1" for 127.0.0.1 at 2012-12-08 19:13:58 +0530
Served asset /application.css - 304 Not Modified (0ms)


Started GET "/assets/jquery_ujs.js?body=1" for 127.0.0.1 at 2012-12-08 19:13:58 +0530
Served asset /jquery_ujs.js - 304 Not Modified (0ms)


Started GET "/assets/jquery.js?body=1" for 127.0.0.1 at 2012-12-08 19:13:58 +0530
Served asset /jquery.js - 304 Not Modified (0ms)


Started GET "/assets/products.css?body=1" for 127.0.0.1 at 2012-12-08 19:13:58 +0530
Served asset /products.css - 304 Not Modified (0ms)


Started GET "/assets/products.js?body=1" for 127.0.0.1 at 2012-12-08 19:13:58 +0530
Served asset /products.js - 304 Not Modified (0ms)


Started GET "/assets/application.js?body=1" for 127.0.0.1 at 2012-12-08 19:13:58 +0530
Served asset /application.js - 304 Not Modified (0ms)


Started GET "/assets/scaffolds.css?body=1" for 127.0.0.1 at 2012-12-08 19:13:58 +0530
Served asset /scaffolds.css - 304 Not Modified (0ms)


Started GET "/products" for 127.0.0.1 at 2012-12-08 19:14:01 +0530
Processing by ProductsController#index as HTML
  [1m[35mProduct Load (0.4ms)[0m  SELECT `products`.* FROM `products` 
  Rendered products/index.html.erb within layouts/application (5.7ms)
Completed 200 OK in 25ms (Views: 21.3ms | ActiveRecord: 0.4ms)


Started GET "/assets/application.css?body=1" for 127.0.0.1 at 2012-12-08 19:14:01 +0530
Served asset /application.css - 304 Not Modified (1ms)


Started GET "/assets/products.css?body=1" for 127.0.0.1 at 2012-12-08 19:14:01 +0530
Served asset /products.css - 304 Not Modified (0ms)


Started GET "/assets/jquery_ujs.js?body=1" for 127.0.0.1 at 2012-12-08 19:14:01 +0530
Served asset /jquery_ujs.js - 304 Not Modified (0ms)


Started GET "/assets/scaffolds.css?body=1" for 127.0.0.1 at 2012-12-08 19:14:01 +0530
Served asset /scaffolds.css - 304 Not Modified (0ms)


Started GET "/assets/jquery.js?body=1" for 127.0.0.1 at 2012-12-08 19:14:01 +0530
Served asset /jquery.js - 304 Not Modified (0ms)


Started GET "/assets/products.js?body=1" for 127.0.0.1 at 2012-12-08 19:14:01 +0530
Served asset /products.js - 304 Not Modified (0ms)


Started GET "/assets/application.js?body=1" for 127.0.0.1 at 2012-12-08 19:14:01 +0530
Served asset /application.js - 304 Not Modified (0ms)


Started GET "/products/1/edit" for 127.0.0.1 at 2012-12-08 19:14:13 +0530
Processing by ProductsController#edit as HTML
  Parameters: {"id"=>"1"}
  [1m[36mProduct Load (0.2ms)[0m  [1mSELECT `products`.* FROM `products` WHERE `products`.`id` = 1 LIMIT 1[0m
  Rendered products/_form.html.erb (14.2ms)
  Rendered products/edit.html.erb within layouts/application (19.9ms)
Completed 200 OK in 41ms (Views: 36.7ms | ActiveRecord: 0.2ms)


Started GET "/assets/application.css?body=1" for 127.0.0.1 at 2012-12-08 19:14:13 +0530
Served asset /application.css - 304 Not Modified (1ms)


Started GET "/assets/jquery_ujs.js?body=1" for 127.0.0.1 at 2012-12-08 19:14:13 +0530
Served asset /jquery_ujs.js - 304 Not Modified (0ms)


Started GET "/assets/jquery.js?body=1" for 127.0.0.1 at 2012-12-08 19:14:13 +0530
Served asset /jquery.js - 304 Not Modified (0ms)


Started GET "/assets/products.js?body=1" for 127.0.0.1 at 2012-12-08 19:14:13 +0530
Served asset /products.js - 304 Not Modified (0ms)


Started GET "/assets/products.css?body=1" for 127.0.0.1 at 2012-12-08 19:14:13 +0530
Served asset /products.css - 304 Not Modified (0ms)


Started GET "/assets/scaffolds.css?body=1" for 127.0.0.1 at 2012-12-08 19:14:13 +0530
Served asset /scaffolds.css - 304 Not Modified (0ms)


Started GET "/assets/application.js?body=1" for 127.0.0.1 at 2012-12-08 19:14:13 +0530
Served asset /application.js - 304 Not Modified (1ms)


Started GET "/products" for 127.0.0.1 at 2012-12-08 19:14:16 +0530
Processing by ProductsController#index as HTML
  [1m[35mProduct Load (0.2ms)[0m  SELECT `products`.* FROM `products` 
  Rendered products/index.html.erb within layouts/application (5.6ms)
Completed 200 OK in 25ms (Views: 21.8ms | ActiveRecord: 0.2ms)


Started GET "/assets/jquery.js?body=1" for 127.0.0.1 at 2012-12-08 19:14:16 +0530
Served asset /jquery.js - 304 Not Modified (0ms)


Started GET "/assets/products.js?body=1" for 127.0.0.1 at 2012-12-08 19:14:16 +0530
Served asset /products.js - 304 Not Modified (0ms)


Started GET "/assets/products.css?body=1" for 127.0.0.1 at 2012-12-08 19:14:16 +0530
Served asset /products.css - 304 Not Modified (0ms)


Started GET "/assets/jquery_ujs.js?body=1" for 127.0.0.1 at 2012-12-08 19:14:16 +0530
Served asset /jquery_ujs.js - 304 Not Modified (0ms)


Started GET "/assets/application.css?body=1" for 127.0.0.1 at 2012-12-08 19:14:16 +0530
Served asset /application.css - 304 Not Modified (1ms)


Started GET "/assets/scaffolds.css?body=1" for 127.0.0.1 at 2012-12-08 19:14:16 +0530
Served asset /scaffolds.css - 304 Not Modified (0ms)


Started GET "/assets/application.js?body=1" for 127.0.0.1 at 2012-12-08 19:14:16 +0530
Served asset /application.js - 304 Not Modified (1ms)


Started GET "/products/1" for 127.0.0.1 at 2012-12-08 19:14:17 +0530
Processing by ProductsController#show as HTML
  Parameters: {"id"=>"1"}
  [1m[36mProduct Load (0.4ms)[0m  [1mSELECT `products`.* FROM `products` WHERE `products`.`id` = 1 LIMIT 1[0m
  Rendered products/show.html.erb within layouts/application (3.0ms)
Completed 200 OK in 25ms (Views: 20.9ms | ActiveRecord: 0.4ms)


Started GET "/assets/application.css?body=1" for 127.0.0.1 at 2012-12-08 19:14:17 +0530
Served asset /application.css - 304 Not Modified (1ms)


Started GET "/assets/jquery_ujs.js?body=1" for 127.0.0.1 at 2012-12-08 19:14:17 +0530
Served asset /jquery_ujs.js - 304 Not Modified (0ms)


Started GET "/assets/scaffolds.css?body=1" for 127.0.0.1 at 2012-12-08 19:14:17 +0530
Served asset /scaffolds.css - 304 Not Modified (0ms)


Started GET "/assets/products.js?body=1" for 127.0.0.1 at 2012-12-08 19:14:17 +0530
Served asset /products.js - 304 Not Modified (0ms)


Started GET "/assets/jquery.js?body=1" for 127.0.0.1 at 2012-12-08 19:14:18 +0530
Served asset /jquery.js - 304 Not Modified (0ms)


Started GET "/assets/products.css?body=1" for 127.0.0.1 at 2012-12-08 19:14:18 +0530
Served asset /products.css - 304 Not Modified (0ms)


Started GET "/assets/application.js?body=1" for 127.0.0.1 at 2012-12-08 19:14:18 +0530
Served asset /application.js - 304 Not Modified (1ms)


Started GET "/products" for 127.0.0.1 at 2012-12-08 19:14:20 +0530
Processing by ProductsController#index as HTML
  [1m[35mProduct Load (0.2ms)[0m  SELECT `products`.* FROM `products` 
  Rendered products/index.html.erb within layouts/application (5.4ms)
Completed 200 OK in 24ms (Views: 20.8ms | ActiveRecord: 0.2ms)


Started GET "/assets/jquery.js?body=1" for 127.0.0.1 at 2012-12-08 19:14:20 +0530
Served asset /jquery.js - 304 Not Modified (0ms)


Started GET "/assets/products.js?body=1" for 127.0.0.1 at 2012-12-08 19:14:20 +0530
Served asset /products.js - 304 Not Modified (0ms)


Started GET "/assets/application.css?body=1" for 127.0.0.1 at 2012-12-08 19:14:20 +0530
Served asset /application.css - 304 Not Modified (1ms)


Started GET "/assets/scaffolds.css?body=1" for 127.0.0.1 at 2012-12-08 19:14:20 +0530
Served asset /scaffolds.css - 304 Not Modified (0ms)


Started GET "/assets/products.css?body=1" for 127.0.0.1 at 2012-12-08 19:14:20 +0530
Served asset /products.css - 304 Not Modified (0ms)


Started GET "/assets/jquery_ujs.js?body=1" for 127.0.0.1 at 2012-12-08 19:14:20 +0530
Served asset /jquery_ujs.js - 304 Not Modified (0ms)


Started GET "/assets/application.js?body=1" for 127.0.0.1 at 2012-12-08 19:14:20 +0530
Served asset /application.js - 304 Not Modified (0ms)
